<?xml version="1.0" encoding="UTF-8"?>
<!-- Generated by org.testng.reporters.JUnitReportReporter -->
<testsuite hostname="INBAN5CG8441LZD" failures="0" tests="1" name="http_requests.Test1_Get" time="3.390" errors="0" timestamp="2020-12-01T20:02:28 IST" skipped="0">
  <testcase classname="http_requests.Test1_Get" name="get_weather" time="3.390"/>
  <system-out/>
</testsuite> <!-- http_requests.Test1_Get -->
