<?xml version="1.0" encoding="UTF-8"?>
<!-- Generated by org.testng.reporters.JUnitReportReporter -->
<testsuite hostname="INBAN5CG8441LZD" failures="0" tests="20" name="testcases.TestAPI" time="18.620" errors="0" timestamp="05 Dec 2020 07:40:53 GMT" skipped="0">
  <testcase classname="testcases.TestAPI" name="check_head_req_query_url" time="0.560"/>
  <testcase classname="testcases.TestAPI" name="weather_report_for_anydate_for_entered_location" time="1.726"/>
  <testcase classname="testcases.TestAPI" name="check_options_req_query_url" time="0.512"/>
  <testcase classname="testcases.TestAPI" name="check_post_req_woeid_url" time="0.616"/>
  <testcase classname="testcases.TestAPI" name="check_fields_for_api_with_date" time="1.621"/>
  <testcase classname="testcases.TestAPI" name="check_put_req_woeid_url" time="0.535"/>
  <testcase classname="testcases.TestAPI" name="check_post_req_query_url" time="0.766"/>
  <testcase classname="testcases.TestAPI" name="check_head_req_woeid_url" time="0.855"/>
  <testcase classname="testcases.TestAPI" name="check_options_req_woeid_url" time="0.542"/>
  <testcase classname="testcases.TestAPI" name="check_put_req_date_url" time="0.510"/>
  <testcase classname="testcases.TestAPI" name="check_fields_for_consolidated_weather" time="1.281"/>
  <testcase classname="testcases.TestAPI" name="check_options_req_date_url" time="0.521"/>
  <testcase classname="testcases.TestAPI" name="check_response_for_country_woeid_url" time="0.957"/>
  <testcase classname="testcases.TestAPI" name="weather_report_for_tomorrow_for_entered_location" time="1.357"/>
  <testcase classname="testcases.TestAPI" name="check_fields_for_api_with_woeid" time="1.287"/>
  <testcase classname="testcases.TestAPI" name="check_number_of_forecast_with_woeid_url" time="1.294"/>
  <testcase classname="testcases.TestAPI" name="check_post_req_date_url" time="0.571"/>
  <testcase classname="testcases.TestAPI" name="check_put_req_query_url" time="0.534"/>
  <testcase classname="testcases.TestAPI" name="check_head_req_date_url" time="0.874"/>
  <testcase classname="testcases.TestAPI" name="check_get_after_post_req_woeid_url" time="1.701"/>
</testsuite> <!-- testcases.TestAPI -->
