<?xml version="1.0" encoding="UTF-8"?>
<!-- Generated by org.testng.reporters.JUnitReportReporter -->
<testsuite hostname="INBAN5CG8441LZD" failures="0" tests="6" name="weatherApiTest.TestAPI" time="16.385" errors="0" timestamp="03 Dec 2020 17:13:32 GMT" skipped="0">
  <testcase classname="weatherApiTest.TestAPI" name="weather_report_for_anydate_for_entered_location" time="1.666"/>
  <testcase classname="weatherApiTest.TestAPI" name="weather_report_for_tomorrow_for_entered_location" time="1.536"/>
  <testcase classname="weatherApiTest.TestAPI" name="check_number_of_forecast_with_woeid_url" time="5.324"/>
  <testcase classname="weatherApiTest.TestAPI" name="check_fields_for_api_with_date" time="2.867"/>
  <testcase classname="weatherApiTest.TestAPI" name="check_fields_for_api_with_woeid" time="2.113"/>
  <testcase classname="weatherApiTest.TestAPI" name="check_fields_for_consolidated_weather" time="2.879"/>
</testsuite> <!-- weatherApiTest.TestAPI -->
