<?xml version="1.0" encoding="UTF-8"?>
<!-- Generated by org.testng.reporters.JUnitReportReporter -->
<testsuite hostname="INBAN5CG8441LZD" failures="0" tests="20" name="testcases.TestAPI" time="23.245" errors="0" timestamp="2020-12-05T13:00:59 IST" skipped="0">
  <testcase classname="testcases.TestAPI" name="check_head_req_woeid_url" time="1.445"/>
  <system-out/>
  <testcase classname="testcases.TestAPI" name="check_fields_for_api_with_woeid" time="1.418"/>
  <system-out/>
  <testcase classname="testcases.TestAPI" name="check_head_req_date_url" time="0.885"/>
  <system-out/>
  <testcase classname="testcases.TestAPI" name="check_post_req_query_url" time="0.786"/>
  <system-out/>
  <testcase classname="testcases.TestAPI" name="check_fields_for_api_with_date" time="1.730"/>
  <system-out/>
  <testcase classname="testcases.TestAPI" name="check_fields_for_consolidated_weather" time="1.679"/>
  <system-out/>
  <testcase classname="testcases.TestAPI" name="check_put_req_query_url" time="0.703"/>
  <system-out/>
  <testcase classname="testcases.TestAPI" name="check_number_of_forecast_with_woeid_url" time="1.712"/>
  <system-out/>
  <testcase classname="testcases.TestAPI" name="check_options_req_date_url" time="0.674"/>
  <system-out/>
  <testcase classname="testcases.TestAPI" name="check_post_req_date_url" time="0.706"/>
  <system-out/>
  <testcase classname="testcases.TestAPI" name="check_head_req_query_url" time="0.752"/>
  <system-out/>
  <testcase classname="testcases.TestAPI" name="weather_report_for_anydate_for_entered_location" time="1.671"/>
  <system-out/>
  <testcase classname="testcases.TestAPI" name="check_options_req_query_url" time="0.745"/>
  <system-out/>
  <testcase classname="testcases.TestAPI" name="check_put_req_woeid_url" time="0.712"/>
  <system-out/>
  <testcase classname="testcases.TestAPI" name="check_put_req_date_url" time="0.700"/>
  <system-out/>
  <testcase classname="testcases.TestAPI" name="check_response_for_country_woeid_url" time="1.251"/>
  <system-out/>
  <testcase classname="testcases.TestAPI" name="check_options_req_woeid_url" time="0.780"/>
  <system-out/>
  <testcase classname="testcases.TestAPI" name="weather_report_for_tomorrow_for_entered_location" time="1.482"/>
  <system-out/>
  <testcase classname="testcases.TestAPI" name="check_post_req_woeid_url" time="0.680"/>
  <system-out/>
  <testcase classname="testcases.TestAPI" name="check_get_after_post_req_woeid_url" time="2.734"/>
  <system-out/>
</testsuite> <!-- testcases.TestAPI -->
